
=== Sun Apr 20 16:02:04 2025

Packages were changed.
Update Mode: mergeDefaultDependencies

The following packages were added:
  com.unity.modules.ai@1.0.0
  com.unity.modules.androidjni@1.0.0
  com.unity.modules.animation@1.0.0
  com.unity.modules.assetbundle@1.0.0
  com.unity.modules.audio@1.0.0
  com.unity.modules.cloth@1.0.0
  com.unity.modules.director@1.0.0
  com.unity.modules.imageconversion@1.0.0
  com.unity.modules.imgui@1.0.0
  com.unity.modules.jsonserialize@1.0.0
  com.unity.modules.particlesystem@1.0.0
  com.unity.modules.physics@1.0.0
  com.unity.modules.physics2d@1.0.0
  com.unity.modules.screencapture@1.0.0
  com.unity.modules.terrain@1.0.0
  com.unity.modules.terrainphysics@1.0.0
  com.unity.modules.tilemap@1.0.0
  com.unity.modules.ui@1.0.0
  com.unity.modules.uielements@1.0.0
  com.unity.modules.umbra@1.0.0
  com.unity.modules.unityanalytics@1.0.0
  com.unity.modules.unitywebrequest@1.0.0
  com.unity.modules.unitywebrequestassetbundle@1.0.0
  com.unity.modules.unitywebrequestaudio@1.0.0
  com.unity.modules.unitywebrequesttexture@1.0.0
  com.unity.modules.unitywebrequestwww@1.0.0
  com.unity.modules.vehicles@1.0.0
  com.unity.modules.video@1.0.0
  com.unity.modules.vr@1.0.0
  com.unity.modules.wind@1.0.0
  com.unity.modules.xr@1.0.0
  com.unity.modules.accessibility@1.0.0
  com.unity.multiplayer.center@1.0.0
The following packages were updated:
  com.unity.collab-proxy from version 2.4.4 to 2.5.2
  com.unity.inputsystem from version 1.9.0 to 1.11.1

=== Sun May 25 16:33:28 2025

Packages were changed.
Update Mode: updateDependencies

The following packages were updated:
  com.unity.shadergraph from version 14.0.11 to 17.0.3

=== Sun May 25 16:33:28 2025

Packages were changed.
Update Mode: mergeDefaultDependencies

The following packages were added:
  com.unity.shadergraph@17.0.3

=== Tue Jun 17 23:09:57 2025

Packages were changed.
Update Mode: updateDependencies

The following packages were updated:
  com.unity.ide.rider from version 3.0.31 to 3.0.34
  com.unity.inputsystem from version 1.11.1 to 1.11.2

=== Sat Aug  2 23:56:19 2025

Packages were changed.
Update Mode: updateDependencies

The following packages were updated:
  com.unity.collab-proxy from version 1.2.16 to 2.6.0
  com.unity.ide.rider from version 1.1.4 to 3.0.34
  com.unity.ide.vscode from version 1.1.4 to 1.2.5
  com.unity.render-pipelines.universal from version 7.3.1 to 14.0.11
  com.unity.test-framework from version 1.1.13 to 1.1.33
  com.unity.textmeshpro from version 2.0.1 to 3.0.7
  com.unity.timeline from version 1.2.13 to 1.7.6

=== Sat Aug  2 23:56:19 2025

Packages were changed.
Update Mode: mergeDefaultDependencies

The following packages were added:
  com.unity.ide.vscode@1.2.5
  com.unity.textmeshpro@3.0.7

=== Sun Nov 30 09:49:04 2025

Packages were changed.
Update Mode: updateDependencies

The following packages were updated:
  com.unity.ide.rider from version 3.0.34 to 3.0.36
  com.unity.inputsystem from version 1.11.2 to 1.14.0
